
tp2.elf:     file format elf32-msp430


Disassembly of section .text:

00003100 <__watchdog_support>:
    3100:	b2 40 80 5a 	mov	#23168,	&0x0120	;#0x5a80
    3104:	20 01 

00003106 <__init_stack>:
    3106:	31 40 00 31 	mov	#12544,	r1	;#0x3100

0000310a <__do_copy_data>:
    310a:	3f 40 00 00 	mov	#0,	r15	;#0x0000
    310e:	0f 93       	tst	r15		
    3110:	05 24       	jz	$+12     	;abs 0x311c
    3112:	2f 83       	decd	r15		
    3114:	9f 4f 8a 31 	mov	12682(r15),4352(r15);0x318a(r15), 0x1100(r15)
    3118:	00 11 
    311a:	fb 23       	jnz	$-8      	;abs 0x3112

0000311c <__do_clear_bss>:
    311c:	3f 40 02 00 	mov	#2,	r15	;#0x0002
    3120:	0f 93       	tst	r15		
    3122:	04 24       	jz	$+10     	;abs 0x312c
    3124:	1f 83       	dec	r15		
    3126:	cf 43 00 11 	mov.b	#0,	4352(r15);r3 As==00, 0x1100(r15)
    312a:	fc 23       	jnz	$-6      	;abs 0x3124

0000312c <main>:
    312c:	04 41       	mov	r1,	r4	
    312e:	24 53       	incd	r4		
    3130:	e2 43 32 00 	mov.b	#2,	&0x0032	;r3 As==10
    3134:	c2 43 2a 00 	mov.b	#0,	&0x002a	;r3 As==00
    3138:	82 43 00 11 	mov	#0,	&0x1100	;r3 As==00
    313c:	05 3c       	jmp	$+12     	;abs 0x3148
    313e:	1f 42 00 11 	mov	&0x1100,r15	
    3142:	1f 53       	inc	r15		
    3144:	82 4f 00 11 	mov	r15,	&0x1100	
    3148:	1f 42 00 11 	mov	&0x1100,r15	
    314c:	3f 90 20 4e 	cmp	#20000,	r15	;#0x4e20
    3150:	f6 2b       	jnc	$-18     	;abs 0x313e
    3152:	e2 43 31 00 	mov.b	#2,	&0x0031	;r3 As==10
    3156:	c2 43 29 00 	mov.b	#0,	&0x0029	;r3 As==00
    315a:	82 43 00 11 	mov	#0,	&0x1100	;r3 As==00
    315e:	05 3c       	jmp	$+12     	;abs 0x316a
    3160:	1f 42 00 11 	mov	&0x1100,r15	
    3164:	1f 53       	inc	r15		
    3166:	82 4f 00 11 	mov	r15,	&0x1100	
    316a:	1f 42 00 11 	mov	&0x1100,r15	
    316e:	3f 90 20 4e 	cmp	#20000,	r15	;#0x4e20
    3172:	f6 2b       	jnc	$-18     	;abs 0x3160
    3174:	c2 43 31 00 	mov.b	#0,	&0x0031	;r3 As==00
    3178:	c2 43 29 00 	mov.b	#0,	&0x0029	;r3 As==00
    317c:	dd 3f       	jmp	$-68     	;abs 0x3138

0000317e <__stop_progExec__>:
    317e:	32 d0 f0 00 	bis	#240,	r2	;#0x00f0
    3182:	fd 3f       	jmp	$-4      	;abs 0x317e

00003184 <__ctors_end>:
    3184:	30 40 88 31 	br	#0x3188	

00003188 <_unexpected_>:
    3188:	00 13       	reti			

Disassembly of section .vectors:

0000ffc0 <__ivtbl_32>:
    ffc0:	84 31 84 31 84 31 84 31 84 31 84 31 84 31 84 31     .1.1.1.1.1.1.1.1
    ffd0:	84 31 84 31 84 31 84 31 84 31 84 31 84 31 84 31     .1.1.1.1.1.1.1.1
    ffe0:	84 31 84 31 84 31 84 31 84 31 84 31 84 31 84 31     .1.1.1.1.1.1.1.1
    fff0:	84 31 84 31 84 31 84 31 84 31 84 31 84 31 00 31     .1.1.1.1.1.1.1.1
